0 silly input [ 'build' ]
1 silly flags { _: [ 'run' ],
1 silly flags   'reject-cycles': false,
1 silly flags   rejectCycles: false,
1 silly flags   script: 'build',
1 silly flags   args: [] }
2 verbose rootPath /Users/wdf/Program/javascript/2019-work/zhili-app
3 info version 2.11.0
4 silly existsSync /Users/wdf/Program/javascript/2019-work/zhili-app/VERSION
5 silly initialize attempt
6 silly initialize success
7 silly execute attempt
8 silly runScriptInDir build [] person-tag
9 silly getExecOpts { cwd:
9 silly getExecOpts    '/Users/wdf/Program/javascript/2019-work/zhili-app/packages/person-tag' }
10 silly runScriptInDir build [] server
11 silly getExecOpts { cwd:
11 silly getExecOpts    '/Users/wdf/Program/javascript/2019-work/zhili-app/packages/server' }
12 error build Errored while running script in '@zhili/server'
13 error execute callback with error
14 error Error: Command failed: yarn run build
14 error warning package.json: No license field
14 error error Command failed with exit code 2.
14 error $ tsc --outDir ./dist
14 error error TS18003: No inputs were found in config file '/Users/wdf/Program/javascript/2019-work/zhili-app/packages/server/tsconfig.json'. Specified 'include' paths were '["**/*"]' and 'exclude' paths were '["dist"]'.
14 error info Visit https://yarnpkg.com/en/docs/cli/run for documentation about this command.
14 error
14 error     at Promise.all.then.arr (/Users/wdf/Program/javascript/2019-work/zhili-app/node_modules/lerna/node_modules/execa/index.js:236:11)
